C:\USERS\CONSTANTINE\DESKTOP\DP\DEBUG\DP.EXE
C:\USERS\CONSTANTINE\DESKTOP\DP\DEBUG\DP.ILK
C:\USERS\CONSTANTINE\DESKTOP\DP\DEBUG\DP.PDB
C:\Users\Constantine\Desktop\dp\dp\Debug\cl.command.1.tlog
C:\Users\Constantine\Desktop\dp\dp\Debug\CL.read.1.tlog
C:\Users\Constantine\Desktop\dp\dp\Debug\CL.write.1.tlog
C:\USERS\CONSTANTINE\DESKTOP\DP\DP\DEBUG\DP.EXE.EMBED.MANIFEST
C:\USERS\CONSTANTINE\DESKTOP\DP\DP\DEBUG\DP.EXE.EMBED.MANIFEST.RES
C:\USERS\CONSTANTINE\DESKTOP\DP\DP\DEBUG\DP.EXE.INTERMEDIATE.MANIFEST
C:\Users\Constantine\Desktop\dp\dp\Debug\dp.vcxprojResolveAssemblyReference.cache
C:\Users\Constantine\Desktop\dp\dp\Debug\dp.write.1.tlog
C:\Users\Constantine\Desktop\dp\dp\Debug\dp_manifest.rc
C:\Users\Constantine\Desktop\dp\dp\Debug\kernel.cu.cache
C:\Users\Constantine\Desktop\dp\dp\Debug\kernel.cu.obj
C:\Users\Constantine\Desktop\dp\dp\Debug\link.10824.read.1.tlog
C:\Users\Constantine\Desktop\dp\dp\Debug\link.10824.write.1.tlog
C:\Users\Constantine\Desktop\dp\dp\Debug\link.10824-cvtres.read.1.tlog
C:\Users\Constantine\Desktop\dp\dp\Debug\link.10824-cvtres.write.1.tlog
C:\Users\Constantine\Desktop\dp\dp\Debug\link.13548.read.1.tlog
C:\Users\Constantine\Desktop\dp\dp\Debug\link.13548.write.1.tlog
C:\Users\Constantine\Desktop\dp\dp\Debug\link.13548-cvtres.read.1.tlog
C:\Users\Constantine\Desktop\dp\dp\Debug\link.13548-cvtres.write.1.tlog
C:\Users\Constantine\Desktop\dp\dp\Debug\link.14348.read.1.tlog
C:\Users\Constantine\Desktop\dp\dp\Debug\link.14348.write.1.tlog
C:\Users\Constantine\Desktop\dp\dp\Debug\link.14348-cvtres.read.1.tlog
C:\Users\Constantine\Desktop\dp\dp\Debug\link.14348-cvtres.write.1.tlog
C:\Users\Constantine\Desktop\dp\dp\Debug\link.660.read.1.tlog
C:\Users\Constantine\Desktop\dp\dp\Debug\link.660.write.1.tlog
C:\Users\Constantine\Desktop\dp\dp\Debug\link.660-cvtres.read.1.tlog
C:\Users\Constantine\Desktop\dp\dp\Debug\link.660-cvtres.write.1.tlog
C:\Users\Constantine\Desktop\dp\dp\Debug\link.9076.read.1.tlog
C:\Users\Constantine\Desktop\dp\dp\Debug\link.9076.write.1.tlog
C:\Users\Constantine\Desktop\dp\dp\Debug\link.9076-cvtres.read.1.tlog
C:\Users\Constantine\Desktop\dp\dp\Debug\link.9076-cvtres.write.1.tlog
C:\Users\Constantine\Desktop\dp\dp\Debug\link.command.1.tlog
C:\Users\Constantine\Desktop\dp\dp\Debug\link.read.1.tlog
C:\Users\Constantine\Desktop\dp\dp\Debug\link.write.1.tlog
C:\Users\Constantine\Desktop\dp\dp\Debug\link-cvtres.read.1.tlog
C:\Users\Constantine\Desktop\dp\dp\Debug\link-cvtres.write.1.tlog
C:\Users\Constantine\Desktop\dp\dp\Debug\mt.command.1.tlog
C:\Users\Constantine\Desktop\dp\dp\Debug\mt.read.1.tlog
C:\Users\Constantine\Desktop\dp\dp\Debug\mt.write.1.tlog
C:\Users\Constantine\Desktop\dp\dp\Debug\rc.command.1.tlog
C:\Users\Constantine\Desktop\dp\dp\Debug\rc.read.1.tlog
C:\Users\Constantine\Desktop\dp\dp\Debug\rc.write.1.tlog
C:\USERS\CONSTANTINE\DESKTOP\DP\DP\DEBUG\STDAFX.OBJ
C:\USERS\CONSTANTINE\DESKTOP\DP\DP\DEBUG\TRAJ.OBJ
C:\Users\Constantine\Desktop\dp\dp\Debug\vc100.idb
C:\USERS\CONSTANTINE\DESKTOP\DP\DP\DEBUG\VC100.PDB
F:\VC工程\DP\DEBUG\DP.EXE
F:\VC工程\DP\DEBUG\DP.ILK
F:\VC工程\DP\DEBUG\DP.PDB
F:\VC工程\DP\DP\DEBUG\DP.EXE.EMBED.MANIFEST
F:\VC工程\DP\DP\DEBUG\DP.EXE.EMBED.MANIFEST.RES
F:\VC工程\DP\DP\DEBUG\DP.EXE.INTERMEDIATE.MANIFEST
F:\VC工程\DP\DP\DEBUG\STDAFX.OBJ
F:\VC工程\DP\DP\DEBUG\TRAJ.OBJ
F:\VC工程\DP\DP\DEBUG\VC100.PDB
